<?xml version="1.0" encoding="UTF-8"?>
<testsuite xmlns:xsi="http://www.w3.org/2001/XMLSchema-instance" xsi:noNamespaceSchemaLocation="https://maven.apache.org/surefire/maven-surefire-plugin/xsd/surefire-test-report-3.0.xsd" version="3.0" name="com.chengyun.UserService1Test" time="0.111" tests="3" errors="0" skipped="0" failures="0">
  <properties>
    <property name="java.specification.version" value="17"/>
    <property name="sun.cpu.isalist" value="amd64"/>
    <property name="sun.jnu.encoding" value="GBK"/>
    <property name="java.class.path" value="D:\IDEA_Work\web_project1\maven_project01\target\test-classes;D:\IDEA_Work\web_project1\maven_project01\target\classes;D:\apache-maven-3.9.4\mvn_repo\org\springframework\spring-context\6.1.11\spring-context-6.1.11.jar;D:\apache-maven-3.9.4\mvn_repo\org\springframework\spring-aop\6.1.11\spring-aop-6.1.11.jar;D:\apache-maven-3.9.4\mvn_repo\org\springframework\spring-beans\6.1.11\spring-beans-6.1.11.jar;D:\apache-maven-3.9.4\mvn_repo\org\springframework\spring-core\6.1.11\spring-core-6.1.11.jar;D:\apache-maven-3.9.4\mvn_repo\org\springframework\spring-jcl\6.1.11\spring-jcl-6.1.11.jar;D:\apache-maven-3.9.4\mvn_repo\org\springframework\spring-expression\6.1.11\spring-expression-6.1.11.jar;D:\apache-maven-3.9.4\mvn_repo\org\junit\jupiter\junit-jupiter\5.9.1\junit-jupiter-5.9.1.jar;D:\apache-maven-3.9.4\mvn_repo\org\junit\jupiter\junit-jupiter-api\5.9.1\junit-jupiter-api-5.9.1.jar;D:\apache-maven-3.9.4\mvn_repo\org\opentest4j\opentest4j\1.2.0\opentest4j-1.2.0.jar;D:\apache-maven-3.9.4\mvn_repo\org\junit\platform\junit-platform-commons\1.9.1\junit-platform-commons-1.9.1.jar;D:\apache-maven-3.9.4\mvn_repo\org\apiguardian\apiguardian-api\1.1.2\apiguardian-api-1.1.2.jar;D:\apache-maven-3.9.4\mvn_repo\org\junit\jupiter\junit-jupiter-params\5.9.1\junit-jupiter-params-5.9.1.jar;D:\apache-maven-3.9.4\mvn_repo\org\junit\jupiter\junit-jupiter-engine\5.9.1\junit-jupiter-engine-5.9.1.jar;D:\apache-maven-3.9.4\mvn_repo\org\junit\platform\junit-platform-engine\1.9.1\junit-platform-engine-1.9.1.jar;"/>
    <property name="java.vm.vendor" value="Oracle Corporation"/>
    <property name="sun.arch.data.model" value="64"/>
    <property name="user.variant" value=""/>
    <property name="java.vendor.url" value="https://java.oracle.com/"/>
    <property name="user.timezone" value="Asia/Shanghai"/>
    <property name="os.name" value="Windows 11"/>
    <property name="java.vm.specification.version" value="17"/>
    <property name="sun.java.launcher" value="SUN_STANDARD"/>
    <property name="user.country" value="CN"/>
    <property name="sun.boot.library.path" value="C:\Program Files\Java\jdk-17\bin"/>
    <property name="sun.java.command" value="C:\Users\cheng\AppData\Local\Temp\surefire17434952415830507804\surefirebooter-20250413233052495_3.jar C:\Users\cheng\AppData\Local\Temp\surefire17434952415830507804 2025-04-13T23-30-52_369-jvmRun1 surefire-20250413233052495_1tmp surefire_0-20250413233052495_2tmp"/>
    <property name="jdk.debug" value="release"/>
    <property name="surefire.test.class.path" value="D:\IDEA_Work\web_project1\maven_project01\target\test-classes;D:\IDEA_Work\web_project1\maven_project01\target\classes;D:\apache-maven-3.9.4\mvn_repo\org\springframework\spring-context\6.1.11\spring-context-6.1.11.jar;D:\apache-maven-3.9.4\mvn_repo\org\springframework\spring-aop\6.1.11\spring-aop-6.1.11.jar;D:\apache-maven-3.9.4\mvn_repo\org\springframework\spring-beans\6.1.11\spring-beans-6.1.11.jar;D:\apache-maven-3.9.4\mvn_repo\org\springframework\spring-core\6.1.11\spring-core-6.1.11.jar;D:\apache-maven-3.9.4\mvn_repo\org\springframework\spring-jcl\6.1.11\spring-jcl-6.1.11.jar;D:\apache-maven-3.9.4\mvn_repo\org\springframework\spring-expression\6.1.11\spring-expression-6.1.11.jar;D:\apache-maven-3.9.4\mvn_repo\org\junit\jupiter\junit-jupiter\5.9.1\junit-jupiter-5.9.1.jar;D:\apache-maven-3.9.4\mvn_repo\org\junit\jupiter\junit-jupiter-api\5.9.1\junit-jupiter-api-5.9.1.jar;D:\apache-maven-3.9.4\mvn_repo\org\opentest4j\opentest4j\1.2.0\opentest4j-1.2.0.jar;D:\apache-maven-3.9.4\mvn_repo\org\junit\platform\junit-platform-commons\1.9.1\junit-platform-commons-1.9.1.jar;D:\apache-maven-3.9.4\mvn_repo\org\apiguardian\apiguardian-api\1.1.2\apiguardian-api-1.1.2.jar;D:\apache-maven-3.9.4\mvn_repo\org\junit\jupiter\junit-jupiter-params\5.9.1\junit-jupiter-params-5.9.1.jar;D:\apache-maven-3.9.4\mvn_repo\org\junit\jupiter\junit-jupiter-engine\5.9.1\junit-jupiter-engine-5.9.1.jar;D:\apache-maven-3.9.4\mvn_repo\org\junit\platform\junit-platform-engine\1.9.1\junit-platform-engine-1.9.1.jar;"/>
    <property name="sun.cpu.endian" value="little"/>
    <property name="user.home" value="C:\Users\cheng"/>
    <property name="user.language" value="zh"/>
    <property name="java.specification.vendor" value="Oracle Corporation"/>
    <property name="java.version.date" value="2024-01-16"/>
    <property name="java.home" value="C:\Program Files\Java\jdk-17"/>
    <property name="file.separator" value="\"/>
    <property name="basedir" value="D:\IDEA_Work\web_project1\maven_project01"/>
    <property name="java.vm.compressedOopsMode" value="Zero based"/>
    <property name="line.separator" value="&#10;"/>
    <property name="java.vm.specification.vendor" value="Oracle Corporation"/>
    <property name="java.specification.name" value="Java Platform API Specification"/>
    <property name="surefire.real.class.path" value="C:\Users\cheng\AppData\Local\Temp\surefire17434952415830507804\surefirebooter-20250413233052495_3.jar"/>
    <property name="user.script" value=""/>
    <property name="sun.management.compiler" value="HotSpot 64-Bit Tiered Compilers"/>
    <property name="java.runtime.version" value="17.0.10+11-LTS-240"/>
    <property name="user.name" value="cheng"/>
    <property name="path.separator" value=";"/>
    <property name="os.version" value="10.0"/>
    <property name="java.runtime.name" value="Java(TM) SE Runtime Environment"/>
    <property name="file.encoding" value="GBK"/>
    <property name="java.vm.name" value="Java HotSpot(TM) 64-Bit Server VM"/>
    <property name="localRepository" value="D:\apache-maven-3.9.4\mvn_repo"/>
    <property name="java.vendor.url.bug" value="https://bugreport.java.com/bugreport/"/>
    <property name="java.io.tmpdir" value="C:\Users\cheng\AppData\Local\Temp\"/>
    <property name="idea.version" value="2023.3.6"/>
    <property name="java.version" value="17.0.10"/>
    <property name="user.dir" value="D:\IDEA_Work\web_project1\maven_project01"/>
    <property name="os.arch" value="amd64"/>
    <property name="java.vm.specification.name" value="Java Virtual Machine Specification"/>
    <property name="sun.os.patch.level" value=""/>
    <property name="native.encoding" value="GBK"/>
    <property name="java.library.path" value="C:\Program Files\Java\jdk-17\bin;C:\Windows\Sun\Java\bin;C:\Windows\system32;C:\Windows;C:\Program Files\Common Files\Oracle\Java\javapath;C:\Windows\system32;C:\Windows;C:\Windows\System32\Wbem;C:\Windows\System32\WindowsPowerShell\v1.0\;C:\Windows\System32\OpenSSH\;C:\Program Files\dotnet\;D:\apache-maven-3.9.4\bin;C:\Program Files\Java\jdk-17\bin;C:\Users\cheng\AppData\Local\Microsoft\WindowsApps;;C:\Users\cheng\AppData\Local\Programs\Microsoft VS Code\bin;."/>
    <property name="java.vm.info" value="mixed mode, sharing"/>
    <property name="java.vendor" value="Oracle Corporation"/>
    <property name="java.vm.version" value="17.0.10+11-LTS-240"/>
    <property name="sun.io.unicode.encoding" value="UnicodeLittle"/>
    <property name="java.class.version" value="61.0"/>
  </properties>
  <testcase name="testGetGender2(String)[1]" classname="com.chengyun.UserService1Test" time="0.045">
    <system-out><![CDATA[所有测试开始！
测试开始！
测试获取性别2
测试结束！
]]></system-out>
  </testcase>
  <testcase name="testGetGender2(String)[2]" classname="com.chengyun.UserService1Test" time="0.002">
    <system-out><![CDATA[测试开始！
测试获取性别2
测试结束！
]]></system-out>
  </testcase>
  <testcase name="testGetGender" classname="com.chengyun.UserService1Test" time="0.002">
    <system-out><![CDATA[测试开始！
测试获取性别1
测试结束！
]]></system-out>
  </testcase>
</testsuite>